<?xml version="1.0" encoding="UTF-8"?>
<!-- Generated by org.testng.reporters.JUnitReportReporter -->
<testsuite skipped="0" hostname="Surajs-MacBook-Pro.local" name="com.nop.qa.testcases.ProductsPageTest" tests="1" failures="0" timestamp="2020-05-12T20:55:54 NPT" time="14.463" errors="0">
  <testcase name="verifyClickOnAddNewButtonTest" time="14.463" classname="com.nop.qa.testcases.ProductsPageTest"/>
  <system-out/>
</testsuite> <!-- com.nop.qa.testcases.ProductsPageTest -->
