<?xml version="1.0" encoding="UTF-8"?>
<!-- Generated by org.testng.reporters.JUnitReportReporter -->
<testsuite skipped="0" hostname="Surajs-MacBook-Pro.local" name="com.nop.qa.testcases.DashboardPageTest" tests="1" failures="0" timestamp="2020-05-12T18:29:09 NPT" time="12.527" errors="0">
  <testcase name="clickCustomerMenuTest" time="12.527" classname="com.nop.qa.testcases.DashboardPageTest"/>
  <system-out/>
</testsuite> <!-- com.nop.qa.testcases.DashboardPageTest -->
