<?xml version="1.0" encoding="UTF-8"?>
<!-- Generated by org.testng.reporters.JUnitReportReporter -->
<testsuite skipped="0" hostname="Surajs-MacBook-Pro.local" name="com.nop.qa.testcases.LoginPageTest" tests="2" failures="0" timestamp="2020-05-12T14:30:26 NPT" time="14.623" errors="0">
  <testcase name="loginPageTitleTest" time="4.712" classname="com.nop.qa.testcases.LoginPageTest"/>
  <system-out/>
  <testcase name="loginTest" time="9.911" classname="com.nop.qa.testcases.LoginPageTest"/>
  <system-out/>
</testsuite> <!-- com.nop.qa.testcases.LoginPageTest -->
